Build started 2015/4/8 22:49:55.
     1>Project "C:\Users\Xiaodong\Desktop\GCOM\CamBox\CamBox.vcxproj" on node 2 (build target(s)).
     1>InitializeBuildStatus:
         Creating "Win32\Debug\CamBox.unsuccessfulbuild" because "AlwaysCreate" was specified.
       CustomBuild:
         Moc'ing cambox.h...
       ClCompile:
         C:\Program Files (x86)\Microsoft Visual Studio 10.0\VC\bin\CL.exe /c /I. /I.\GeneratedFiles /I.\GeneratedFiles\Debug /Zi /nologo /W1 /WX- /Od /Oy- /D UNICODE /D WIN32 /D QT_DLL /D QT_CORE_LIB /D CAMBOX_LIB /D _WINDLL /D _UNICODE /D UNICODE /Gm- /EHsc /MDd /GS /fp:precise /Zc:wchar_t- /Zc:forScope /Fo"Win32\Debug\\" /Fd"Win32\Debug\vc100.pdb" /Gd /TP /analyze- /errorReport:prompt cambox.cpp camcfg.cpp GeneratedFiles\Debug\moc_cambox.cpp
         cambox.cpp
         Include KSJApi.h
         Include KSJCode.h
         Include KSJApiA.h
         Include KSJApiB.h
         Include KSJApiC.h
         Include KSJApiD.h
         Include KSJApiE.h
         Include KSJApiF.h
         Include KSJApiG.h
         Include KSJApiH.h
         camcfg.cpp
         Include KSJApi.h
         Include KSJCode.h
         Include KSJApiA.h
         Include KSJApiB.h
         Include KSJApiC.h
         Include KSJApiD.h
         Include KSJApiE.h
         Include KSJApiF.h
         Include KSJApiG.h
         Include KSJApiH.h
         moc_cambox.cpp
         Include KSJApi.h
         Include KSJCode.h
         Include KSJApiA.h
         Include KSJApiB.h
         Include KSJApiC.h
         Include KSJApiD.h
         Include KSJApiE.h
         Include KSJApiF.h
         Include KSJApiG.h
         Include KSJApiH.h
         Generating Code...
       Link:
         C:\Program Files (x86)\Microsoft Visual Studio 10.0\VC\bin\link.exe /ERRORREPORT:PROMPT /OUT:"C:\Users\Xiaodong\Desktop\GCOM\Win32\Debug\CamBox.dll" /NOLOGO /LIBPATH:C:\Users\Xiaodong\Desktop\GCOM\Win32\Debug\ qtmaind.lib QtCored4.lib kernel32.lib user32.lib gdi32.lib winspool.lib comdlg32.lib advapi32.lib shell32.lib ole32.lib oleaut32.lib uuid.lib odbc32.lib odbccp32.lib /MANIFEST /ManifestFile:"Win32\Debug\CamBox.dll.intermediate.manifest" /MANIFESTUAC:"level='asInvoker' uiAccess='false'" /DEBUG /PDB:"C:\Users\Xiaodong\Desktop\GCOM\Win32\Debug\CamBox.pdb" /SUBSYSTEM:WINDOWS /TLBID:1 /DYNAMICBASE /NXCOMPAT /IMPLIB:"C:\Users\Xiaodong\Desktop\GCOM\Win32\Debug\CamBox.lib" /MACHINE:X86 /DLL Win32\Debug\cambox.obj
         Win32\Debug\camcfg.obj
         Win32\Debug\moc_cambox.obj
            Creating library C:\Users\Xiaodong\Desktop\GCOM\Win32\Debug\CamBox.lib and object C:\Users\Xiaodong\Desktop\GCOM\Win32\Debug\CamBox.exp
         CamBox.vcxproj -> C:\Users\Xiaodong\Desktop\GCOM\Win32\Debug\CamBox.dll
       Manifest:
         C:\Program Files (x86)\Microsoft SDKs\Windows\v7.0A\bin\mt.exe /nologo /verbose /outputresource:"C:\Users\Xiaodong\Desktop\GCOM\Win32\Debug\CamBox.dll;#2" /manifest Win32\Debug\CamBox.dll.intermediate.manifest
       FinalizeBuildStatus:
         Deleting file "Win32\Debug\CamBox.unsuccessfulbuild".
         Touching "Win32\Debug\CamBox.lastbuildstate".
     1>Done Building Project "C:\Users\Xiaodong\Desktop\GCOM\CamBox\CamBox.vcxproj" (build target(s)).

Build succeeded.

Time Elapsed 00:00:10.02
