Build started 2015/4/8 22:50:05.
     1>Project "C:\Users\Xiaodong\Desktop\GCOM\ImageView\ImageView.vcxproj" on node 4 (build target(s)).
     1>InitializeBuildStatus:
         Creating "Win32\Debug\ImageView.unsuccessfulbuild" because "AlwaysCreate" was specified.
       CustomBuild:
         Moc'ing imageview.h...
         Uic'ing imageview.ui...
       ClCompile:
         C:\Program Files (x86)\Microsoft Visual Studio 10.0\VC\bin\CL.exe /c /I. /I.\GeneratedFiles /I.\GeneratedFiles\Debug /Zi /nologo /W1 /WX- /Od /Oy- /D UNICODE /D WIN32 /D QT_DLL /D QT_CORE_LIB /D QT_GUI_LIB /D IMAGEVIEW_LIB /D _WINDLL /D _UNICODE /D UNICODE /Gm- /EHsc /MDd /GS /fp:precise /Zc:wchar_t- /Zc:forScope /Fo"Win32\Debug\\" /Fd"Win32\Debug\vc100.pdb" /Gd /TP /analyze- /errorReport:prompt GeneratedFiles\Debug\moc_imageview.cpp imageview.cpp
         moc_imageview.cpp
         imageview.cpp
         Include KSJApi.h
         Include KSJCode.h
         Include KSJApiA.h
         Include KSJApiB.h
         Include KSJApiC.h
         Include KSJApiD.h
         Include KSJApiE.h
         Include KSJApiF.h
         Include KSJApiG.h
         Include KSJApiH.h
         Generating Code...
       Link:
         C:\Program Files (x86)\Microsoft Visual Studio 10.0\VC\bin\link.exe /ERRORREPORT:PROMPT /OUT:"C:\Users\Xiaodong\Desktop\GCOM\Win32\Debug\ImageView.dll" /NOLOGO /LIBPATH:C:\Users\Xiaodong\Desktop\GCOM\Win32\Debug\ CamBox.lib ImgProc.lib qtmaind.lib QtCored4.lib QtGuid4.lib kernel32.lib user32.lib gdi32.lib winspool.lib comdlg32.lib advapi32.lib shell32.lib ole32.lib oleaut32.lib uuid.lib odbc32.lib odbccp32.lib /MANIFEST /ManifestFile:"Win32\Debug\ImageView.dll.intermediate.manifest" /MANIFESTUAC:"level='asInvoker' uiAccess='false'" /DEBUG /PDB:"C:\Users\Xiaodong\Desktop\GCOM\Win32\Debug\ImageView.pdb" /SUBSYSTEM:WINDOWS /TLBID:1 /DYNAMICBASE /NXCOMPAT /IMPLIB:"C:\Users\Xiaodong\Desktop\GCOM\Win32\Debug\ImageView.lib" /MACHINE:X86 /DLL Win32\Debug\moc_imageview.obj
         Win32\Debug\imageview.obj
            Creating library C:\Users\Xiaodong\Desktop\GCOM\Win32\Debug\ImageView.lib and object C:\Users\Xiaodong\Desktop\GCOM\Win32\Debug\ImageView.exp
         ImageView.vcxproj -> C:\Users\Xiaodong\Desktop\GCOM\Win32\Debug\ImageView.dll
       Manifest:
         C:\Program Files (x86)\Microsoft SDKs\Windows\v7.0A\bin\mt.exe /nologo /verbose /outputresource:"C:\Users\Xiaodong\Desktop\GCOM\Win32\Debug\ImageView.dll;#2" /manifest Win32\Debug\ImageView.dll.intermediate.manifest
       FinalizeBuildStatus:
         Deleting file "Win32\Debug\ImageView.unsuccessfulbuild".
         Touching "Win32\Debug\ImageView.lastbuildstate".
     1>Done Building Project "C:\Users\Xiaodong\Desktop\GCOM\ImageView\ImageView.vcxproj" (build target(s)).

Build succeeded.

Time Elapsed 00:00:07.70
