Build started 2015/4/9 15:51:19.
     1>Project "C:\Users\Xiaodong\Desktop\GCOM\ComPort\ComPort.vcxproj" on node 5 (build target(s)).
     1>InitializeBuildStatus:
         Creating "Win32\Release\ComPort.unsuccessfulbuild" because "AlwaysCreate" was specified.
       CustomBuild:
         Moc'ing comport.h...
       ClCompile:
         C:\Program Files (x86)\Microsoft Visual Studio 10.0\VC\bin\CL.exe /c /I. /I.\GeneratedFiles /I.\GeneratedFiles\Release /nologo /W1 /WX- /O2 /Oy- /D UNICODE /D WIN32 /D QT_DLL /D QT_NO_DEBUG /D NDEBUG /D QT_CORE_LIB /D COMPORT_LIB /D _WINDLL /D _UNICODE /D UNICODE /Gm- /EHsc /MD /GS /fp:precise /Zc:wchar_t- /Zc:forScope /Fo"Win32\Release\\" /Fd"Win32\Release\vc100.pdb" /Gd /TP /analyze- /errorReport:prompt comport.cpp GeneratedFiles\Release\moc_comport.cpp
         comport.cpp
         moc_comport.cpp
         Generating Code...
       Link:
         C:\Program Files (x86)\Microsoft Visual Studio 10.0\VC\bin\link.exe /ERRORREPORT:PROMPT /OUT:"C:\Users\Xiaodong\Desktop\GCOM\Win32\Release\ComPort.dll" /NOLOGO /LIBPATH:C:\Users\Xiaodong\Desktop\GCOM\Win32\Release\ setupapi.lib qtmain.lib QtCore4.lib kernel32.lib user32.lib gdi32.lib winspool.lib comdlg32.lib advapi32.lib shell32.lib ole32.lib oleaut32.lib uuid.lib odbc32.lib odbccp32.lib /MANIFEST /ManifestFile:"Win32\Release\ComPort.dll.intermediate.manifest" /MANIFESTUAC:"level='asInvoker' uiAccess='false'" /PDB:"C:\Users\Xiaodong\Desktop\GCOM\Win32\Release\ComPort.pdb" /SUBSYSTEM:WINDOWS /TLBID:1 /DYNAMICBASE /NXCOMPAT /IMPLIB:"C:\Users\Xiaodong\Desktop\GCOM\Win32\Release\ComPort.lib" /MACHINE:X86 /DLL Win32\Release\comport.obj
         Win32\Release\moc_comport.obj
            Creating library C:\Users\Xiaodong\Desktop\GCOM\Win32\Release\ComPort.lib and object C:\Users\Xiaodong\Desktop\GCOM\Win32\Release\ComPort.exp
         ComPort.vcxproj -> C:\Users\Xiaodong\Desktop\GCOM\Win32\Release\ComPort.dll
       Manifest:
         C:\Program Files (x86)\Microsoft SDKs\Windows\v7.0A\bin\mt.exe /nologo /verbose /outputresource:"C:\Users\Xiaodong\Desktop\GCOM\Win32\Release\ComPort.dll;#2" /manifest Win32\Release\ComPort.dll.intermediate.manifest
       FinalizeBuildStatus:
         Deleting file "Win32\Release\ComPort.unsuccessfulbuild".
         Touching "Win32\Release\ComPort.lastbuildstate".
     1>Done Building Project "C:\Users\Xiaodong\Desktop\GCOM\ComPort\ComPort.vcxproj" (build target(s)).

Build succeeded.

Time Elapsed 00:00:10.49
